2
4
8
16
23
28
29
49
89
97
149
199
299
499
899
979
986
991
992
994
998
1699
1769
1774
1775
1804
1808
1816
1823
1828
1829
1849
1889
1897
1949
1999
2999
4999
8999
9799
9869
9874
9875
9904
9908
9916
9923
9928
9929
9949
9989
9997
14999
19999
29999
49999
89999
97999
98699
98749
98759
98761
98801
99007
99014
99019
99029
99049
99089
99097
99149
99199
99299
99499
99899
99979
99986
99991
99992
99994
99998
169999
176999
177499
177599
177619
177623
177631
177701
178003
178004
178006
178010
180007
180014
180019
180029
180049
180089
180097
180149
180199
180299
180499
180899
180979
180986
180991
180992
180994
180998
181699
181769
181774
181775
181804
181808
181816
181823
181828
181829
181849
181889
181897
181949
181999
182999
184999
188999
189799
189869
189874
189875
189904
189908
189916
189923
189928
189929
189949
189989
189997
194999
199999
299999
499999
899999
979999
986999
987499
987599
987619
987623
987631
987701
988003
988004
988006
988010
990007
990014
990019
990029
990049
990089
990097
990149
990199
990299
990499
990899
990979
990986
990991
990992
990994
990998
991699
991769
991774
991775
991804
991808
991816
991823
991828
991829
991849
991889
991897
991949
991999
992999
994999
998999
999799
999869
999874
999875
999875
